MashNDash/Intermediate/Android/arm64/gradle/app/build/intermediates/manifest_merge_blame_file/debug/manifest-merger-blame-debug-report.txt
1<?xml version="1.0" encoding="utf-8"?>
2<manifest xmlns:android="http://schemas.android.com/apk/res/android"
3    package="com.YourCompany.MashNDash"
4    android:installLocation="preferExternal"
5    android:versionCode="44"
6    android:versionName="1.0" > <!-- Requirements -->
7    <uses-sdk
7-->src\main\AndroidManifest.xml:78:3-71
8        android:minSdkVersion="33"
8-->src\main\AndroidManifest.xml:78:13-38
9        android:targetSdkVersion="34" />
9-->src\main\AndroidManifest.xml:78:39-68
10
11    <queries>
11-->src\main\AndroidManifest.xml:2:3-13:13
12        <intent>
12-->src\main\AndroidManifest.xml:3:5-7:14
13            <action android:name="android.intent.action.VIEW" />
13-->src\main\AndroidManifest.xml:4:7-59
13-->src\main\AndroidManifest.xml:4:15-56
14
15            <category android:name="android.intent.category.BROWSABLE" />
15-->src\main\AndroidManifest.xml:5:7-68
15-->src\main\AndroidManifest.xml:5:17-65
16
17            <data android:scheme="http" />
17-->src\main\AndroidManifest.xml:6:7-37
17-->src\main\AndroidManifest.xml:6:13-34
18        </intent>
19        <intent>
19-->src\main\AndroidManifest.xml:8:5-12:14
20            <action android:name="android.intent.action.VIEW" />
20-->src\main\AndroidManifest.xml:4:7-59
20-->src\main\AndroidManifest.xml:4:15-56
21
22            <category android:name="android.intent.category.BROWSABLE" />
22-->src\main\AndroidManifest.xml:5:7-68
22-->src\main\AndroidManifest.xml:5:17-65
23
24            <data android:scheme="https" />
24-->src\main\AndroidManifest.xml:6:7-37
24-->src\main\AndroidManifest.xml:6:13-34
25        </intent>
26        <intent>
26-->[com.android.billingclient:billing:6.0.0] AndroidManifest.xml:13:9-15:18
27            <action android:name="com.android.vending.billing.InAppBillingService.BIND" />
27-->[com.android.billingclient:billing:6.0.0] AndroidManifest.xml:14:13-91
27-->[com.android.billingclient:billing:6.0.0] AndroidManifest.xml:14:21-88
28        </intent>
29    </queries>
30	android.permission.WRITE_EXTERNAL_STORAGE
31	android.permission.READ_EXTERNAL_STORAGE
32    <uses-permission
32-->src\main\AndroidManifest.xml:81:1-115
33        android:name="android.permission.WRITE_EXTERNAL_STORAGE"
33-->src\main\AndroidManifest.xml:81:18-74
34        __line="8"
34-->src\main\AndroidManifest.xml:81:102-112
35        android:maxSdkVersion="29" />
35-->src\main\AndroidManifest.xml:81:75-101
36    <uses-permission android:name="android.permission.ACCESS_NETWORK_STATE" />
36-->[com.google.android.gms:play-services-nearby:18.1.0] AndroidManifest.xml:7:5-79
36-->[com.google.android.gms:play-services-nearby:18.1.0] AndroidManifest.xml:7:22-76
37    <uses-permission android:name="com.android.vending.BILLING" />
37-->[com.android.billingclient:billing:6.0.0] AndroidManifest.xml:10:5-67
37-->[com.android.billingclient:billing:6.0.0] AndroidManifest.xml:10:22-64
38    <uses-permission android:name="android.permission.INTERNET" /> <!-- Application Definition -->
38-->[com.google.android.datatransport:transport-backend-cct:3.1.8] AndroidManifest.xml:25:5-67
38-->[com.google.android.datatransport:transport-backend-cct:3.1.8] AndroidManifest.xml:25:22-64
39    <application
39-->src\main\AndroidManifest.xml:15:3-76:17
40        android:name="com.epicgames.unreal.GameApplication"
40-->src\main\AndroidManifest.xml:15:147-198
41        android:appComponentFactory="androidx.core.app.CoreComponentFactory"
41-->[androidx.core:core:1.2.0] AndroidManifest.xml:24:18-86
42        android:debuggable="true"
43        android:extractNativeLibs="true"
43-->src\main\AndroidManifest.xml:15:114-146
44        android:hardwareAccelerated="true"
44-->src\main\AndroidManifest.xml:15:79-113
45        android:hasCode="true"
45-->src\main\AndroidManifest.xml:15:243-265
46        android:icon="@drawable/icon"
46-->src\main\AndroidManifest.xml:15:49-78
47        android:label="@string/app_name"
47-->src\main\AndroidManifest.xml:15:16-48
48        android:requestLegacyExternalStorage="true" >
48-->src\main\AndroidManifest.xml:15:199-242
49        <activity
49-->src\main\AndroidManifest.xml:16:5-21:16
50            android:name="com.epicgames.unreal.SplashActivity"
50-->src\main\AndroidManifest.xml:16:15-65
51            android:debuggable="true"
51-->src\main\AndroidManifest.xml:16:275-300
52            android:exported="true"
52-->src\main\AndroidManifest.xml:16:66-89
53            android:label="@string/app_name"
53-->src\main\AndroidManifest.xml:16:90-122
54            android:launchMode="singleTask"
54-->src\main\AndroidManifest.xml:16:164-195
55            android:resizeableActivity="false"
55-->src\main\AndroidManifest.xml:16:196-230
56            android:screenOrientation="sensorLandscape"
56-->src\main\AndroidManifest.xml:16:231-274
57            android:theme="@style/UnrealSplashTheme" >
57-->src\main\AndroidManifest.xml:16:123-163
58            <intent-filter>
58-->src\main\AndroidManifest.xml:17:7-20:23
59                <action android:name="android.intent.action.MAIN" />
59-->src\main\AndroidManifest.xml:18:9-61
59-->src\main\AndroidManifest.xml:18:17-58
60
61                <category android:name="android.intent.category.LAUNCHER" />
61-->src\main\AndroidManifest.xml:19:9-69
61-->src\main\AndroidManifest.xml:19:19-66
62            </intent-filter>
63        </activity>
64        <activity
64-->src\main\AndroidManifest.xml:22:5-24:16
65            android:name="com.epicgames.unreal.GameActivity"
65-->src\main\AndroidManifest.xml:22:15-63
66            android:configChanges="mcc|mnc|uiMode|density|screenSize|smallestScreenSize|screenLayout|orientation|keyboardHidden|keyboard|navigation|touchscreen|locale|fontScale|layoutDirection"
66-->src\main\AndroidManifest.xml:22:162-343
67            android:debuggable="true"
67-->src\main\AndroidManifest.xml:22:455-480
68            android:exported="true"
68-->src\main\AndroidManifest.xml:22:64-87
69            android:label="@string/app_name"
69-->src\main\AndroidManifest.xml:22:88-120
70            android:launchMode="singleTask"
70-->src\main\AndroidManifest.xml:22:379-410
71            android:resizeableActivity="false"
71-->src\main\AndroidManifest.xml:22:344-378
72            android:screenOrientation="sensorLandscape"
72-->src\main\AndroidManifest.xml:22:411-454
73            android:theme="@style/UnrealSplashTheme" >
73-->src\main\AndroidManifest.xml:22:121-161
74            <meta-data
74-->src\main\AndroidManifest.xml:23:7-79
75                android:name="android.app.lib_name"
75-->src\main\AndroidManifest.xml:23:18-53
76                android:value="Unreal" />
76-->src\main\AndroidManifest.xml:23:54-76
77        </activity>
78        <activity
78-->src\main\AndroidManifest.xml:25:5-231
79            android:name="com.YourCompany.MashNDash.DownloaderActivity"
79-->src\main\AndroidManifest.xml:25:15-49
80            android:configChanges="mcc|mnc|uiMode|density|screenSize|orientation|keyboardHidden|keyboard"
80-->src\main\AndroidManifest.xml:25:94-187
81            android:screenOrientation="sensorLandscape"
81-->src\main\AndroidManifest.xml:25:50-93
82            android:theme="@style/UnrealSplashTheme" />
82-->src\main\AndroidManifest.xml:25:188-228
83
84        <meta-data
84-->src\main\AndroidManifest.xml:26:5-103
85            android:name="com.epicgames.unreal.GameActivity.EngineVersion"
85-->src\main\AndroidManifest.xml:26:16-78
86            android:value="5.3.2" />
86-->src\main\AndroidManifest.xml:26:79-100
87        <meta-data
87-->src\main\AndroidManifest.xml:27:5-114
88            android:name="com.epicgames.unreal.GameActivity.EngineBranch"
88-->src\main\AndroidManifest.xml:27:16-77
89            android:value="++UE5+Release-5.3" />
89-->src\main\AndroidManifest.xml:27:78-111
90        <meta-data
90-->src\main\AndroidManifest.xml:28:5-106
91            android:name="com.epicgames.unreal.GameActivity.ProjectVersion"
91-->src\main\AndroidManifest.xml:28:16-79
92            android:value="1.0.0.0" />
92-->src\main\AndroidManifest.xml:28:80-103
93        <meta-data
93-->src\main\AndroidManifest.xml:29:5-107
94            android:name="com.epicgames.unreal.GameActivity.DepthBufferPreference"
94-->src\main\AndroidManifest.xml:29:16-86
95            android:value="0" />
95-->src\main\AndroidManifest.xml:29:87-104
96        <meta-data
96-->src\main\AndroidManifest.xml:30:5-110
97            android:name="com.epicgames.unreal.GameActivity.bPackageDataInsideApk"
97-->src\main\AndroidManifest.xml:30:16-86
98            android:value="true" />
98-->src\main\AndroidManifest.xml:30:87-107
99        <meta-data
99-->src\main\AndroidManifest.xml:31:5-109
100            android:name="com.epicgames.unreal.GameActivity.bVerifyOBBOnStartUp"
100-->src\main\AndroidManifest.xml:31:16-84
101            android:value="false" />
101-->src\main\AndroidManifest.xml:31:85-106
102        <meta-data
102-->src\main\AndroidManifest.xml:32:5-102
103            android:name="com.epicgames.unreal.GameActivity.bShouldHideUI"
103-->src\main\AndroidManifest.xml:32:16-78
104            android:value="true" />
104-->src\main\AndroidManifest.xml:32:79-99
105        <meta-data
105-->src\main\AndroidManifest.xml:33:5-105
106            android:name="com.epicgames.unreal.GameActivity.ProjectName"
106-->src\main\AndroidManifest.xml:33:16-76
107            android:value="MashNDash" />
107-->src\main\AndroidManifest.xml:33:77-102
108        <meta-data
108-->src\main\AndroidManifest.xml:34:5-92
109            android:name="com.epicgames.unreal.GameActivity.AppType"
109-->src\main\AndroidManifest.xml:34:16-72
110            android:value="" />
110-->src\main\AndroidManifest.xml:34:73-89
111        <meta-data
111-->src\main\AndroidManifest.xml:35:5-101
112            android:name="com.epicgames.unreal.GameActivity.bHasOBBFiles"
112-->src\main\AndroidManifest.xml:35:16-77
113            android:value="true" />
113-->src\main\AndroidManifest.xml:35:78-98
114        <meta-data
114-->src\main\AndroidManifest.xml:36:5-112
115            android:name="com.epicgames.unreal.GameActivity.BuildConfiguration"
115-->src\main\AndroidManifest.xml:36:16-83
116            android:value="DebugGame" />
116-->src\main\AndroidManifest.xml:36:84-109
117        <meta-data
117-->src\main\AndroidManifest.xml:37:5-111
118            android:name="com.epicgames.unreal.GameActivity.CookedFlavors"
118-->src\main\AndroidManifest.xml:37:16-78
119            android:value="ETC2,DXT,ASTC" />
119-->src\main\AndroidManifest.xml:37:79-108
120        <meta-data
120-->src\main\AndroidManifest.xml:38:5-112
121            android:name="com.epicgames.unreal.GameActivity.bValidateTextureFormats"
121-->src\main\AndroidManifest.xml:38:16-88
122            android:value="true" />
122-->src\main\AndroidManifest.xml:38:89-109
123        <meta-data
123-->src\main\AndroidManifest.xml:39:5-110
124            android:name="com.epicgames.unreal.GameActivity.bUseExternalFilesDir"
124-->src\main\AndroidManifest.xml:39:16-85
125            android:value="false" />
125-->src\main\AndroidManifest.xml:39:86-107
126        <meta-data
126-->src\main\AndroidManifest.xml:40:5-105
127            android:name="com.epicgames.unreal.GameActivity.bPublicLogFiles"
127-->src\main\AndroidManifest.xml:40:16-80
128            android:value="false" />
128-->src\main\AndroidManifest.xml:40:81-102
129        <meta-data
129-->src\main\AndroidManifest.xml:41:5-107
130            android:name="com.epicgames.unreal.GameActivity.bUseDisplayCutout"
130-->src\main\AndroidManifest.xml:41:16-82
131            android:value="false" />
131-->src\main\AndroidManifest.xml:41:83-104
132        <meta-data
132-->src\main\AndroidManifest.xml:42:5-99
133            android:name="com.epicgames.unreal.GameActivity.bAllowIMU"
133-->src\main\AndroidManifest.xml:42:16-74
134            android:value="false" />
134-->src\main\AndroidManifest.xml:42:75-96
135        <meta-data
135-->src\main\AndroidManifest.xml:43:5-104
136            android:name="com.epicgames.unreal.GameActivity.bSupportsVulkan"
136-->src\main\AndroidManifest.xml:43:16-80
137            android:value="true" />
137-->src\main\AndroidManifest.xml:43:81-101
138        <meta-data
138-->src\main\AndroidManifest.xml:44:5-100
139            android:name="com.epicgames.unreal.GameActivity.PropagateAlpha"
139-->src\main\AndroidManifest.xml:44:16-79
140            android:value="0" />
140-->src\main\AndroidManifest.xml:44:80-97
141        <meta-data
141-->src\main\AndroidManifest.xml:45:5-144
142            android:name="com.epicgames.unreal.GameActivity.StartupPermissions"
142-->src\main\AndroidManifest.xml:45:16-83
143            android:value="android.permission.WRITE_EXTERNAL_STORAGE" />
143-->src\main\AndroidManifest.xml:45:84-141
144        <meta-data
144-->src\main\AndroidManifest.xml:46:5-85
145            android:name="android.supports_size_changes"
145-->src\main\AndroidManifest.xml:46:16-60
146            android:value="false" />
146-->src\main\AndroidManifest.xml:46:61-82
147        <meta-data
147-->src\main\AndroidManifest.xml:47:5-100
148            android:name="com.google.android.gms.games.APP_ID"
148-->src\main\AndroidManifest.xml:47:16-66
149            android:value="@string/app_id" />
149-->src\main\AndroidManifest.xml:47:67-97
150        <meta-data
150-->src\main\AndroidManifest.xml:48:5-118
151            android:name="com.google.android.gms.version"
151-->src\main\AndroidManifest.xml:48:16-61
152            android:value="@integer/google_play_services_version" />
152-->src\main\AndroidManifest.xml:48:62-115
153
154        <activity
154-->src\main\AndroidManifest.xml:49:5-180
155            android:name="com.google.android.gms.ads.AdActivity"
155-->src\main\AndroidManifest.xml:49:15-67
156            android:configChanges="keyboard|keyboardHidden|orientation|screenLayout|uiMode|screenSize|smallestScreenSize" />
156-->src\main\AndroidManifest.xml:49:68-177
157
158        <service
158-->src\main\AndroidManifest.xml:50:5-119
159            android:name="com.epicgames.unreal.psoservices.OGLProgramService"
159-->src\main\AndroidManifest.xml:50:14-79
160            android:process=":psoprogramservice" />
160-->src\main\AndroidManifest.xml:50:80-116
161        <service
161-->src\main\AndroidManifest.xml:51:5-121
162            android:name="com.epicgames.unreal.psoservices.OGLProgramService1"
162-->src\main\AndroidManifest.xml:51:14-80
163            android:process=":psoprogramservice1" />
163-->src\main\AndroidManifest.xml:51:81-118
164        <service
164-->src\main\AndroidManifest.xml:52:5-121
165            android:name="com.epicgames.unreal.psoservices.OGLProgramService2"
165-->src\main\AndroidManifest.xml:52:14-80
166            android:process=":psoprogramservice2" />
166-->src\main\AndroidManifest.xml:52:81-118
167        <service
167-->src\main\AndroidManifest.xml:53:5-121
168            android:name="com.epicgames.unreal.psoservices.OGLProgramService3"
168-->src\main\AndroidManifest.xml:53:14-80
169            android:process=":psoprogramservice3" />
169-->src\main\AndroidManifest.xml:53:81-118
170        <service
170-->src\main\AndroidManifest.xml:54:5-121
171            android:name="com.epicgames.unreal.psoservices.OGLProgramService4"
171-->src\main\AndroidManifest.xml:54:14-80
172            android:process=":psoprogramservice4" />
172-->src\main\AndroidManifest.xml:54:81-118
173        <service
173-->src\main\AndroidManifest.xml:55:5-121
174            android:name="com.epicgames.unreal.psoservices.OGLProgramService5"
174-->src\main\AndroidManifest.xml:55:14-80
175            android:process=":psoprogramservice5" />
175-->src\main\AndroidManifest.xml:55:81-118
176        <service
176-->src\main\AndroidManifest.xml:56:5-121
177            android:name="com.epicgames.unreal.psoservices.OGLProgramService6"
177-->src\main\AndroidManifest.xml:56:14-80
178            android:process=":psoprogramservice6" />
178-->src\main\AndroidManifest.xml:56:81-118
179        <service
179-->src\main\AndroidManifest.xml:57:5-121
180            android:name="com.epicgames.unreal.psoservices.OGLProgramService7"
180-->src\main\AndroidManifest.xml:57:14-80
181            android:process=":psoprogramservice7" />
181-->src\main\AndroidManifest.xml:57:81-118
182        <service
182-->src\main\AndroidManifest.xml:58:5-122
183            android:name="com.epicgames.unreal.psoservices.VulkanProgramService"
183-->src\main\AndroidManifest.xml:58:14-82
184            android:process=":psoprogramservice" />
184-->src\main\AndroidManifest.xml:58:83-119
185        <service
185-->src\main\AndroidManifest.xml:59:5-124
186            android:name="com.epicgames.unreal.psoservices.VulkanProgramService1"
186-->src\main\AndroidManifest.xml:59:14-83
187            android:process=":psoprogramservice1" />
187-->src\main\AndroidManifest.xml:59:84-121
188        <service
188-->src\main\AndroidManifest.xml:60:5-124
189            android:name="com.epicgames.unreal.psoservices.VulkanProgramService2"
189-->src\main\AndroidManifest.xml:60:14-83
190            android:process=":psoprogramservice2" />
190-->src\main\AndroidManifest.xml:60:84-121
191        <service
191-->src\main\AndroidManifest.xml:61:5-124
192            android:name="com.epicgames.unreal.psoservices.VulkanProgramService3"
192-->src\main\AndroidManifest.xml:61:14-83
193            android:process=":psoprogramservice3" />
193-->src\main\AndroidManifest.xml:61:84-121
194        <service
194-->src\main\AndroidManifest.xml:62:5-124
195            android:name="com.epicgames.unreal.psoservices.VulkanProgramService4"
195-->src\main\AndroidManifest.xml:62:14-83
196            android:process=":psoprogramservice4" />
196-->src\main\AndroidManifest.xml:62:84-121
197        <service
197-->src\main\AndroidManifest.xml:63:5-124
198            android:name="com.epicgames.unreal.psoservices.VulkanProgramService5"
198-->src\main\AndroidManifest.xml:63:14-83
199            android:process=":psoprogramservice5" />
199-->src\main\AndroidManifest.xml:63:84-121
200        <service
200-->src\main\AndroidManifest.xml:64:5-124
201            android:name="com.epicgames.unreal.psoservices.VulkanProgramService6"
201-->src\main\AndroidManifest.xml:64:14-83
202            android:process=":psoprogramservice6" />
202-->src\main\AndroidManifest.xml:64:84-121
203        <service
203-->src\main\AndroidManifest.xml:65:5-124
204            android:name="com.epicgames.unreal.psoservices.VulkanProgramService7"
204-->src\main\AndroidManifest.xml:65:14-83
205            android:process=":psoprogramservice7" />
205-->src\main\AndroidManifest.xml:65:84-121
206        <service android:name="com.YourCompany.MashNDash.OBBDownloaderService" />
206-->src\main\AndroidManifest.xml:66:5-52
206-->src\main\AndroidManifest.xml:66:14-49
207
208        <receiver android:name="com.YourCompany.MashNDash.AlarmReceiver" />
208-->src\main\AndroidManifest.xml:67:5-46
208-->src\main\AndroidManifest.xml:67:15-43
209        <receiver android:name="com.epicgames.unreal.LocalNotificationReceiver" />
209-->src\main\AndroidManifest.xml:68:5-79
209-->src\main\AndroidManifest.xml:68:15-76
210        <receiver android:name="com.epicgames.unreal.CellularReceiver" />
210-->src\main\AndroidManifest.xml:69:5-70
210-->src\main\AndroidManifest.xml:69:15-67
211        <receiver
211-->src\main\AndroidManifest.xml:70:5-74:16
212            android:name="com.epicgames.unreal.MulticastBroadcastReceiver"
212-->src\main\AndroidManifest.xml:70:15-77
213            android:exported="true" >
213-->src\main\AndroidManifest.xml:70:78-101
214            <intent-filter>
214-->src\main\AndroidManifest.xml:71:7-73:23
215                <action android:name="com.android.vending.INSTALL_REFERRER" />
215-->src\main\AndroidManifest.xml:72:9-71
215-->src\main\AndroidManifest.xml:72:17-68
216            </intent-filter>
217        </receiver>
218
219        <meta-data
219-->src\main\AndroidManifest.xml:75:5-73
220            android:name="android.max_aspect"
220-->src\main\AndroidManifest.xml:75:16-49
221            android:value="2.10" />
221-->src\main\AndroidManifest.xml:75:50-70
222
223        <activity
223-->[com.google.android.gms:play-services-auth:18.1.0] AndroidManifest.xml:23:9-27:75
224            android:name="com.google.android.gms.auth.api.signin.internal.SignInHubActivity"
224-->[com.google.android.gms:play-services-auth:18.1.0] AndroidManifest.xml:24:13-93
225            android:excludeFromRecents="true"
225-->[com.google.android.gms:play-services-auth:18.1.0] AndroidManifest.xml:25:13-46
226            android:exported="false"
226-->[com.google.android.gms:play-services-auth:18.1.0] AndroidManifest.xml:26:13-37
227            android:theme="@android:style/Theme.Translucent.NoTitleBar" />
227-->[com.google.android.gms:play-services-auth:18.1.0] AndroidManifest.xml:27:13-72
228        <!--
229            Service handling Google Sign-In user revocation. For apps that do not integrate with
230            Google Sign-In, this service will never be started.
231        -->
232        <service
232-->[com.google.android.gms:play-services-auth:18.1.0] AndroidManifest.xml:33:9-37:51
233            android:name="com.google.android.gms.auth.api.signin.RevocationBoundService"
233-->[com.google.android.gms:play-services-auth:18.1.0] AndroidManifest.xml:34:13-89
234            android:exported="true"
234-->[com.google.android.gms:play-services-auth:18.1.0] AndroidManifest.xml:35:13-36
235            android:permission="com.google.android.gms.auth.api.signin.permission.REVOCATION_NOTIFICATION"
235-->[com.google.android.gms:play-services-auth:18.1.0] AndroidManifest.xml:36:13-107
236            android:visibleToInstantApps="true" />
236-->[com.google.android.gms:play-services-auth:18.1.0] AndroidManifest.xml:37:13-48
237        <service
237-->[com.google.android.gms:play-services-nearby:18.1.0] AndroidManifest.xml:10:9-13:105
238            android:name="com.google.android.gms.nearby.exposurenotification.WakeUpService"
238-->[com.google.android.gms:play-services-nearby:18.1.0] AndroidManifest.xml:11:13-92
239            android:exported="true"
239-->[com.google.android.gms:play-services-nearby:18.1.0] AndroidManifest.xml:12:13-36
240            android:permission="com.google.android.gms.nearby.exposurenotification.EXPOSURE_CALLBACK" />
240-->[com.google.android.gms:play-services-nearby:18.1.0] AndroidManifest.xml:13:13-102
241
242        <meta-data
242-->[com.android.billingclient:billing:6.0.0] AndroidManifest.xml:19:9-21:37
243            android:name="com.google.android.play.billingclient.version"
243-->[com.android.billingclient:billing:6.0.0] AndroidManifest.xml:20:13-73
244            android:value="6.0.0" />
244-->[com.android.billingclient:billing:6.0.0] AndroidManifest.xml:21:13-34
245
246        <activity
246-->[com.android.billingclient:billing:6.0.0] AndroidManifest.xml:23:9-27:75
247            android:name="com.android.billingclient.api.ProxyBillingActivity"
247-->[com.android.billingclient:billing:6.0.0] AndroidManifest.xml:24:13-78
248            android:configChanges="keyboard|keyboardHidden|screenLayout|screenSize|orientation"
248-->[com.android.billingclient:billing:6.0.0] AndroidManifest.xml:25:13-96
249            android:exported="false"
249-->[com.android.billingclient:billing:6.0.0] AndroidManifest.xml:26:13-37
250            android:theme="@android:style/Theme.Translucent.NoTitleBar" />
250-->[com.android.billingclient:billing:6.0.0] AndroidManifest.xml:27:13-72
251        <activity
251-->[com.google.android.gms:play-services-base:18.0.1] AndroidManifest.xml:20:9-22:45
252            android:name="com.google.android.gms.common.api.GoogleApiActivity"
252-->[com.google.android.gms:play-services-base:18.0.1] AndroidManifest.xml:20:19-85
253            android:exported="false"
253-->[com.google.android.gms:play-services-base:18.0.1] AndroidManifest.xml:22:19-43
254            android:theme="@android:style/Theme.Translucent.NoTitleBar" />
254-->[com.google.android.gms:play-services-base:18.0.1] AndroidManifest.xml:21:19-78
255
256        <service
256-->[com.google.android.datatransport:transport-backend-cct:3.1.8] AndroidManifest.xml:28:9-34:19
257            android:name="com.google.android.datatransport.runtime.backends.TransportBackendDiscovery"
257-->[com.google.android.datatransport:transport-backend-cct:3.1.8] AndroidManifest.xml:29:13-103
258            android:exported="false" >
258-->[com.google.android.datatransport:transport-backend-cct:3.1.8] AndroidManifest.xml:30:13-37
259            <meta-data
259-->[com.google.android.datatransport:transport-backend-cct:3.1.8] AndroidManifest.xml:31:13-33:39
260                android:name="backend:com.google.android.datatransport.cct.CctBackendFactory"
260-->[com.google.android.datatransport:transport-backend-cct:3.1.8] AndroidManifest.xml:32:17-94
261                android:value="cct" />
261-->[com.google.android.datatransport:transport-backend-cct:3.1.8] AndroidManifest.xml:33:17-36
262        </service>
263        <service
263-->[com.google.android.datatransport:transport-runtime:3.1.8] AndroidManifest.xml:26:9-30:19
264            android:name="com.google.android.datatransport.runtime.scheduling.jobscheduling.JobInfoSchedulerService"
264-->[com.google.android.datatransport:transport-runtime:3.1.8] AndroidManifest.xml:27:13-117
265            android:exported="false"
265-->[com.google.android.datatransport:transport-runtime:3.1.8] AndroidManifest.xml:28:13-37
266            android:permission="android.permission.BIND_JOB_SERVICE" >
266-->[com.google.android.datatransport:transport-runtime:3.1.8] AndroidManifest.xml:29:13-69
267        </service>
268
269        <receiver
269-->[com.google.android.datatransport:transport-runtime:3.1.8] AndroidManifest.xml:32:9-34:40
270            android:name="com.google.android.datatransport.runtime.scheduling.jobscheduling.AlarmManagerSchedulerBroadcastReceiver"
270-->[com.google.android.datatransport:transport-runtime:3.1.8] AndroidManifest.xml:33:13-132
271            android:exported="false" />
271-->[com.google.android.datatransport:transport-runtime:3.1.8] AndroidManifest.xml:34:13-37
272
273        <provider
273-->[androidx.lifecycle:lifecycle-process:2.0.0] AndroidManifest.xml:23:9-27:43
274            android:name="androidx.lifecycle.ProcessLifecycleOwnerInitializer"
274-->[androidx.lifecycle:lifecycle-process:2.0.0] AndroidManifest.xml:24:13-79
275            android:authorities="com.YourCompany.MashNDash.lifecycle-process"
275-->[androidx.lifecycle:lifecycle-process:2.0.0] AndroidManifest.xml:25:13-69
276            android:exported="false"
276-->[androidx.lifecycle:lifecycle-process:2.0.0] AndroidManifest.xml:26:13-37
277            android:multiprocess="true" />
277-->[androidx.lifecycle:lifecycle-process:2.0.0] AndroidManifest.xml:27:13-40
278    </application>
279
280</manifest>